<?xml version="1.0" encoding="UTF-8"?>
<!-- Generated by org.testng.reporters.JUnitReportReporter -->
<testsuite skipped="0" hostname="DESKTOP-APLQ069" name="com.inetbanking.testcases.TC_AddNewCustomerTest_003" tests="1" failures="0" timestamp="28 Jul 2019 11:52:21 GMT" time="74.855" errors="0">
  <testcase name="addNewCustomer" time="74.855" classname="com.inetbanking.testcases.TC_AddNewCustomerTest_003"/>
</testsuite> <!-- com.inetbanking.testcases.TC_AddNewCustomerTest_003 -->
