<?xml version="1.0" encoding="UTF-8"?>
<!-- Generated by org.testng.reporters.JUnitReportReporter -->
<testsuite skipped="0" hostname="DESKTOP-APLQ069" name="com.inetbanking.testcases.TC_LoginTest_001" tests="1" failures="0" timestamp="28 Jul 2019 11:58:40 GMT" time="12.590" errors="0">
  <testcase name="loginTest" time="12.590" classname="com.inetbanking.testcases.TC_LoginTest_001"/>
</testsuite> <!-- com.inetbanking.testcases.TC_LoginTest_001 -->
